\BOOKMARK [0][-]{chapter.1}{\376\377\000I\000n\000d\000e\000x\000\040\000d\000e\000s\000\040\000e\000s\000p\000a\000c\000e\000s\000\040\000d\000e\000\040\000n\000o\000m\000m\000a\000g\000e}{}% 1
\BOOKMARK [1][-]{section.1.1}{\376\377\000L\000i\000s\000t\000e\000\040\000d\000e\000s\000\040\000e\000s\000p\000a\000c\000e\000s\000\040\000d\000e\000\040\000n\000o\000m\000m\000a\000g\000e}{chapter.1}% 2
\BOOKMARK [0][-]{chapter.2}{\376\377\000I\000n\000d\000e\000x\000\040\000h\000i\000\351\000r\000a\000r\000c\000h\000i\000q\000u\000e}{}% 3
\BOOKMARK [1][-]{section.2.1}{\376\377\000H\000i\000\351\000r\000a\000r\000c\000h\000i\000e\000\040\000d\000e\000s\000\040\000c\000l\000a\000s\000s\000e\000s}{chapter.2}% 4
\BOOKMARK [0][-]{chapter.3}{\376\377\000I\000n\000d\000e\000x\000\040\000d\000e\000s\000\040\000c\000l\000a\000s\000s\000e\000s}{}% 5
\BOOKMARK [1][-]{section.3.1}{\376\377\000L\000i\000s\000t\000e\000\040\000d\000e\000s\000\040\000c\000l\000a\000s\000s\000e\000s}{chapter.3}% 6
\BOOKMARK [0][-]{chapter.4}{\376\377\000I\000n\000d\000e\000x\000\040\000d\000e\000s\000\040\000f\000i\000c\000h\000i\000e\000r\000s}{}% 7
\BOOKMARK [1][-]{section.4.1}{\376\377\000L\000i\000s\000t\000e\000\040\000d\000e\000s\000\040\000f\000i\000c\000h\000i\000e\000r\000s}{chapter.4}% 8
\BOOKMARK [0][-]{chapter.5}{\376\377\000D\000o\000c\000u\000m\000e\000n\000t\000a\000t\000i\000o\000n\000\040\000d\000e\000s\000\040\000e\000s\000p\000a\000c\000e\000s\000\040\000d\000e\000\040\000n\000o\000m\000m\000a\000g\000e}{}% 9
\BOOKMARK [1][-]{section.5.1}{\376\377\000R\000\351\000f\000\351\000r\000e\000n\000c\000e\000\040\000d\000e\000\040\000l\000'\000e\000s\000p\000a\000c\000e\000\040\000d\000e\000\040\000n\000o\000m\000m\000a\000g\000e\000\040\000b\000a\000t\000e\000a\000u}{chapter.5}% 10
\BOOKMARK [2][-]{subsection.5.1.1}{\376\377\000D\000o\000c\000u\000m\000e\000n\000t\000a\000t\000i\000o\000n\000\040\000d\000e\000s\000\040\000f\000o\000n\000c\000t\000i\000o\000n\000s}{section.5.1}% 11
\BOOKMARK [3][-]{subsubsection.5.1.1.1}{\376\377\000C\000o\000n\000t\000r\000e\000T\000o\000r\000p\000i\000l\000l\000e\000u\000r}{subsection.5.1.1}% 12
\BOOKMARK [3][-]{subsubsection.5.1.1.2}{\376\377\000C\000r\000o\000i\000s\000e\000u\000r}{subsection.5.1.1}% 13
\BOOKMARK [3][-]{subsubsection.5.1.1.3}{\376\377\000m\000a\000p}{subsection.5.1.1}% 14
\BOOKMARK [3][-]{subsubsection.5.1.1.4}{\376\377\000o\000r\000i\000g\000i\000n\000e\000x}{subsection.5.1.1}% 15
\BOOKMARK [3][-]{subsubsection.5.1.1.5}{\376\377\000o\000r\000i\000g\000i\000n\000e\000y}{subsection.5.1.1}% 16
\BOOKMARK [3][-]{subsubsection.5.1.1.6}{\376\377\000P\000o\000r\000t\000e\000A\000v\000i\000o\000n}{subsection.5.1.1}% 17
\BOOKMARK [3][-]{subsubsection.5.1.1.7}{\376\377\000s\000e\000n\000s}{subsection.5.1.1}% 18
\BOOKMARK [3][-]{subsubsection.5.1.1.8}{\376\377\000S\000o\000u\000s\000M\000a\000r\000i\000n}{subsection.5.1.1}% 19
\BOOKMARK [3][-]{subsubsection.5.1.1.9}{\376\377\000T\000o\000r\000p\000i\000l\000l\000e\000u\000r}{subsection.5.1.1}% 20
\BOOKMARK [2][-]{subsection.5.1.2}{\376\377\000D\000o\000c\000u\000m\000e\000n\000t\000a\000t\000i\000o\000n\000\040\000d\000e\000s\000\040\000v\000a\000r\000i\000a\000b\000l\000e\000s}{section.5.1}% 21
\BOOKMARK [3][-]{subsubsection.5.1.2.1}{\376\377\000C\000a\000r\000t\000e\000A\000d\000v}{subsection.5.1.2}% 22
\BOOKMARK [3][-]{subsubsection.5.1.2.2}{\376\377\000C\000a\000r\000t\000e\000J\000o\000u\000e\000u\000r}{subsection.5.1.2}% 23
\BOOKMARK [1][-]{section.5.2}{\376\377\000R\000\351\000f\000\351\000r\000e\000n\000c\000e\000\040\000d\000e\000\040\000l\000'\000e\000s\000p\000a\000c\000e\000\040\000d\000e\000\040\000n\000o\000m\000m\000a\000g\000e\000\040\000c\000o\000n\000s\000t\000a\000n\000t\000e\000s}{chapter.5}% 24
\BOOKMARK [2][-]{subsection.5.2.1}{\376\377\000D\000o\000c\000u\000m\000e\000n\000t\000a\000t\000i\000o\000n\000\040\000d\000e\000s\000\040\000v\000a\000r\000i\000a\000b\000l\000e\000s}{section.5.2}% 25
\BOOKMARK [3][-]{subsubsection.5.2.1.1}{\376\377\000H\000T\000M\000L\000\137\000f\000o\000o\000t\000e\000r}{subsection.5.2.1}% 26
\BOOKMARK [3][-]{subsubsection.5.2.1.2}{\376\377\000H\000T\000M\000L\000\137\000h\000e\000a\000d\000e\000r}{subsection.5.2.1}% 27
\BOOKMARK [3][-]{subsubsection.5.2.1.3}{\376\377\000H\000T\000M\000L\000\137\000s\000c\000r\000i\000p\000t\000A\000u\000t\000h\000e\000n}{subsection.5.2.1}% 28
\BOOKMARK [3][-]{subsubsection.5.2.1.4}{\376\377\000H\000T\000M\000L\000\137\000s\000c\000r\000i\000p\000t\000C\000o\000m\000b\000a\000t}{subsection.5.2.1}% 29
\BOOKMARK [3][-]{subsubsection.5.2.1.5}{\376\377\000H\000T\000M\000L\000\137\000s\000c\000r\000i\000p\000t\000I\000n\000i\000t}{subsection.5.2.1}% 30
\BOOKMARK [1][-]{section.5.3}{\376\377\000R\000\351\000f\000\351\000r\000e\000n\000c\000e\000\040\000d\000e\000\040\000l\000'\000e\000s\000p\000a\000c\000e\000\040\000d\000e\000\040\000n\000o\000m\000m\000a\000g\000e\000\040\000m\000a\000p\000I\000A}{chapter.5}% 31
\BOOKMARK [2][-]{subsection.5.3.1}{\376\377\000D\000o\000c\000u\000m\000e\000n\000t\000a\000t\000i\000o\000n\000\040\000d\000e\000s\000\040\000f\000o\000n\000c\000t\000i\000o\000n\000s}{section.5.3}% 32
\BOOKMARK [3][-]{subsubsection.5.3.1.1}{\376\377\000i\000n\000i\000t}{subsection.5.3.1}% 33
\BOOKMARK [3][-]{subsubsection.5.3.1.2}{\376\377\000m\000a\000p}{subsection.5.3.1}% 34
\BOOKMARK [3][-]{subsubsection.5.3.1.3}{\376\377\000o\000r\000d\000i}{subsection.5.3.1}% 35
\BOOKMARK [3][-]{subsubsection.5.3.1.4}{\376\377\000u\000t\000i\000l\000i\000s\000a\000t\000e\000u\000r}{subsection.5.3.1}% 36
\BOOKMARK [2][-]{subsection.5.3.2}{\376\377\000D\000o\000c\000u\000m\000e\000n\000t\000a\000t\000i\000o\000n\000\040\000d\000e\000s\000\040\000v\000a\000r\000i\000a\000b\000l\000e\000s}{section.5.3}% 37
\BOOKMARK [3][-]{subsubsection.5.3.2.1}{\376\377\000C\000a\000r\000t\000e\000I\000A}{subsection.5.3.2}% 38
\BOOKMARK [3][-]{subsubsection.5.3.2.2}{\376\377\000C\000a\000r\000t\000e\000J\000o\000u\000e\000u\000r}{subsection.5.3.2}% 39
\BOOKMARK [3][-]{subsubsection.5.3.2.3}{\376\377\000C\000o\000n\000t\000r\000e\000T\000o\000r\000p\000i\000l\000l\000e\000u\000r}{subsection.5.3.2}% 40
\BOOKMARK [3][-]{subsubsection.5.3.2.4}{\376\377\000C\000r\000o\000i\000s\000e\000u\000r}{subsection.5.3.2}% 41
\BOOKMARK [3][-]{subsubsection.5.3.2.5}{\376\377\000l}{subsection.5.3.2}% 42
\BOOKMARK [3][-]{subsubsection.5.3.2.6}{\376\377\000P\000o\000r\000t\000e\000A\000v\000i\000o\000n}{subsection.5.3.2}% 43
\BOOKMARK [3][-]{subsubsection.5.3.2.7}{\376\377\000S\000o\000u\000s\000M\000a\000r\000i\000n}{subsection.5.3.2}% 44
\BOOKMARK [3][-]{subsubsection.5.3.2.8}{\376\377\000T\000o\000r\000p\000i\000l\000l\000e\000u\000r\0001}{subsection.5.3.2}% 45
\BOOKMARK [3][-]{subsubsection.5.3.2.9}{\376\377\000T\000o\000r\000p\000i\000l\000l\000e\000u\000r\0002}{subsection.5.3.2}% 46
\BOOKMARK [3][-]{subsubsection.5.3.2.10}{\376\377\000u\000t\000i\000l\000i\000s\000e}{subsection.5.3.2}% 47
\BOOKMARK [3][-]{subsubsection.5.3.2.11}{\376\377\000u\000t\000i\000l\000i\000s\000e\000I\000A}{subsection.5.3.2}% 48
\BOOKMARK [1][-]{section.5.4}{\376\377\000R\000\351\000f\000\351\000r\000e\000n\000c\000e\000\040\000d\000e\000\040\000l\000'\000e\000s\000p\000a\000c\000e\000\040\000d\000e\000\040\000n\000o\000m\000m\000a\000g\000e\000\040\000s\000e\000r\000v\000e\000u\000r}{chapter.5}% 49
\BOOKMARK [2][-]{subsection.5.4.1}{\376\377\000D\000o\000c\000u\000m\000e\000n\000t\000a\000t\000i\000o\000n\000\040\000d\000e\000s\000\040\000v\000a\000r\000i\000a\000b\000l\000e\000s}{section.5.4}% 50
\BOOKMARK [3][-]{subsubsection.5.4.1.1}{\376\377\000\137\000I\000M\000G\000\137\000D\000I\000R}{subsection.5.4.1}% 51
\BOOKMARK [3][-]{subsubsection.5.4.1.2}{\376\377\000\137\000S\000T\000A\000T\000I\000C\000\137\000D\000I\000R}{subsection.5.4.1}% 52
\BOOKMARK [3][-]{subsubsection.5.4.1.3}{\376\377\000d\000e\000v\000\137\000c\000o\000n\000f\000i\000g}{subsection.5.4.1}% 53
\BOOKMARK [3][-]{subsubsection.5.4.1.4}{\376\377\000I\000P}{subsection.5.4.1}% 54
\BOOKMARK [0][-]{chapter.6}{\376\377\000D\000o\000c\000u\000m\000e\000n\000t\000a\000t\000i\000o\000n\000\040\000d\000e\000s\000\040\000c\000l\000a\000s\000s\000e\000s}{}% 55
\BOOKMARK [1][-]{section.6.1}{\376\377\000R\000\351\000f\000\351\000r\000e\000n\000c\000e\000\040\000d\000e\000\040\000l\000a\000\040\000c\000l\000a\000s\000s\000e\000\040\000m\000a\000p\000I\000A\000.\000b\000a\000t\000e\000a\000u}{chapter.6}% 56
\BOOKMARK [2][-]{subsection.6.1.1}{\376\377\000D\000e\000s\000c\000r\000i\000p\000t\000i\000o\000n\000\040\000d\000\351\000t\000a\000i\000l\000l\000\351\000e}{section.6.1}% 57
\BOOKMARK [2][-]{subsection.6.1.2}{\376\377\000D\000o\000c\000u\000m\000e\000n\000t\000a\000t\000i\000o\000n\000\040\000d\000e\000s\000\040\000c\000o\000n\000s\000t\000r\000u\000c\000t\000e\000u\000r\000s\000\040\000e\000t\000\040\000d\000e\000s\000t\000r\000u\000c\000t\000e\000u\000r}{section.6.1}% 58
\BOOKMARK [3][-]{subsubsection.6.1.2.1}{\376\377\000\137\000\137\000i\000n\000i\000t\000\137\000\137}{subsection.6.1.2}% 59
\BOOKMARK [2][-]{subsection.6.1.3}{\376\377\000D\000o\000c\000u\000m\000e\000n\000t\000a\000t\000i\000o\000n\000\040\000d\000e\000s\000\040\000f\000o\000n\000c\000t\000i\000o\000n\000s\000\040\000m\000e\000m\000b\000r\000e\000s}{section.6.1}% 60
\BOOKMARK [3][-]{subsubsection.6.1.3.1}{\376\377\000\137\000\137\000s\000t\000r\000\137\000\137}{subsection.6.1.3}% 61
\BOOKMARK [2][-]{subsection.6.1.4}{\376\377\000D\000o\000c\000u\000m\000e\000n\000t\000a\000t\000i\000o\000n\000\040\000d\000e\000s\000\040\000d\000o\000n\000n\000\351\000e\000s\000\040\000m\000e\000m\000b\000r\000e\000s}{section.6.1}% 62
\BOOKMARK [3][-]{subsubsection.6.1.4.1}{\376\377\000l\000o\000n\000g\000u\000e\000u\000r}{subsection.6.1.4}% 63
\BOOKMARK [3][-]{subsubsection.6.1.4.2}{\376\377\000n\000a\000m\000e}{subsection.6.1.4}% 64
\BOOKMARK [3][-]{subsubsection.6.1.4.3}{\376\377\000o\000r\000i\000g\000i\000n\000e\000x}{subsection.6.1.4}% 65
\BOOKMARK [3][-]{subsubsection.6.1.4.4}{\376\377\000o\000r\000i\000g\000i\000n\000e\000y}{subsection.6.1.4}% 66
\BOOKMARK [3][-]{subsubsection.6.1.4.5}{\376\377\000p\000v}{subsection.6.1.4}% 67
\BOOKMARK [3][-]{subsubsection.6.1.4.6}{\376\377\000s\000e\000n\000s}{subsection.6.1.4}% 68
\BOOKMARK [3][-]{subsubsection.6.1.4.7}{\376\377\000s\000t\000a\000t\000u\000t}{subsection.6.1.4}% 69
\BOOKMARK [1][-]{section.6.2}{\376\377\000R\000\351\000f\000\351\000r\000e\000n\000c\000e\000\040\000d\000e\000\040\000l\000a\000\040\000c\000l\000a\000s\000s\000e\000\040\000s\000e\000r\000v\000e\000u\000r\000.\000B\000a\000t\000N\000a\000v}{chapter.6}% 70
\BOOKMARK [2][-]{subsection.6.2.1}{\376\377\000D\000e\000s\000c\000r\000i\000p\000t\000i\000o\000n\000\040\000d\000\351\000t\000a\000i\000l\000l\000\351\000e}{section.6.2}% 71
\BOOKMARK [2][-]{subsection.6.2.2}{\376\377\000D\000o\000c\000u\000m\000e\000n\000t\000a\000t\000i\000o\000n\000\040\000d\000e\000s\000\040\000f\000o\000n\000c\000t\000i\000o\000n\000s\000\040\000m\000e\000m\000b\000r\000e\000s}{section.6.2}% 72
\BOOKMARK [3][-]{subsubsection.6.2.2.1}{\376\377\000a\000r\000t\000h\000u\000r}{subsection.6.2.2}% 73
\BOOKMARK [3][-]{subsubsection.6.2.2.2}{\376\377\000c\000h\000e\000c\000k\000S\000e\000s\000s\000i\000o\000n}{subsection.6.2.2}% 74
\BOOKMARK [3][-]{subsubsection.6.2.2.3}{\376\377\000c\000o\000m\000b\000a\000t}{subsection.6.2.2}% 75
\BOOKMARK [3][-]{subsubsection.6.2.2.4}{\376\377\000i\000n\000d\000e\000x}{subsection.6.2.2}% 76
\BOOKMARK [3][-]{subsubsection.6.2.2.5}{\376\377\000I\000n\000i\000t}{subsection.6.2.2}% 77
\BOOKMARK [3][-]{subsubsection.6.2.2.6}{\376\377\000j\000e\000u}{subsection.6.2.2}% 78
\BOOKMARK [3][-]{subsubsection.6.2.2.7}{\376\377\000l\000o\000g\000i\000n}{subsection.6.2.2}% 79
\BOOKMARK [1][-]{section.6.3}{\376\377\000R\000\351\000f\000\351\000r\000e\000n\000c\000e\000\040\000d\000e\000\040\000l\000a\000\040\000c\000l\000a\000s\000s\000e\000\040\000o\000b\000j\000e\000c\000t}{chapter.6}% 80
\BOOKMARK [0][-]{chapter.7}{\376\377\000D\000o\000c\000u\000m\000e\000n\000t\000a\000t\000i\000o\000n\000\040\000d\000e\000s\000\040\000f\000i\000c\000h\000i\000e\000r\000s}{}% 81
\BOOKMARK [1][-]{section.7.1}{\376\377\000R\000\351\000f\000\351\000r\000e\000n\000c\000e\000\040\000d\000u\000\040\000f\000i\000c\000h\000i\000e\000r\000\040\000b\000a\000t\000e\000a\000u\000.\000p\000y}{chapter.7}% 82
\BOOKMARK [1][-]{section.7.2}{\376\377\000R\000\351\000f\000\351\000r\000e\000n\000c\000e\000\040\000d\000u\000\040\000f\000i\000c\000h\000i\000e\000r\000\040\000c\000o\000n\000s\000t\000a\000n\000t\000e\000s\000.\000p\000y}{chapter.7}% 83
\BOOKMARK [2][-]{subsection.7.2.1}{\376\377\000D\000e\000s\000c\000r\000i\000p\000t\000i\000o\000n\000\040\000d\000\351\000t\000a\000i\000l\000l\000\351\000e}{section.7.2}% 84
\BOOKMARK [1][-]{section.7.3}{\376\377\000R\000\351\000f\000\351\000r\000e\000n\000c\000e\000\040\000d\000u\000\040\000f\000i\000c\000h\000i\000e\000r\000\040\000m\000a\000p\000I\000A\000.\000p\000y}{chapter.7}% 85
\BOOKMARK [2][-]{subsection.7.3.1}{\376\377\000D\000e\000s\000c\000r\000i\000p\000t\000i\000o\000n\000\040\000d\000\351\000t\000a\000i\000l\000l\000\351\000e}{section.7.3}% 86
\BOOKMARK [1][-]{section.7.4}{\376\377\000R\000\351\000f\000\351\000r\000e\000n\000c\000e\000\040\000d\000u\000\040\000f\000i\000c\000h\000i\000e\000r\000\040\000s\000e\000r\000v\000e\000u\000r\000.\000p\000y}{chapter.7}% 87
\BOOKMARK [2][-]{subsection.7.4.1}{\376\377\000D\000e\000s\000c\000r\000i\000p\000t\000i\000o\000n\000\040\000d\000\351\000t\000a\000i\000l\000l\000\351\000e}{section.7.4}% 88
